<?xml version="1.0" encoding="UTF-8"?>
<!-- Generated by org.testng.reporters.JUnitXMLReporter -->
<testsuite ignored="0" hostname="Praseena-Think" failures="0" tests="3" name="Test2" time="104.575" errors="0" timestamp="2026-06-03T22:10:39 EDT">
  <testcase classname="testscripts.HomeTest" name="verifyUserCanAddNewAdminUser" time="10.628"/>
  <testcase classname="testscripts.HomeTest" name="verifyUserCanLogOutSuccessfully" time="9.991"/>
  <testcase classname="testscripts.HomeTest" name="verifyUserLoginUsingValidCredentials" time="9.232"/>
</testsuite> <!-- Test2 -->
