<?xml version="1.0" encoding="UTF-8"?>
<!-- Generated by org.testng.reporters.JUnitXMLReporter -->
<testsuite ignored="3" hostname="Praseena-Think" failures="0" tests="1" name="Test1" time="31.949" errors="0" timestamp="2026-06-03T22:08:53 EDT">
  <testcase classname="testscripts.LoginTest" name="verifyUserLoginUsingValidCredentials" time="17.844"/>
  <testcase classname="testscripts.LoginTest" name="verifyUserLoginUsingInvalidPasswordCredentials" time="0.0">
    <ignored/>
  </testcase> <!-- verifyUserLoginUsingInvalidPasswordCredentials -->
  <testcase classname="testscripts.LoginTest" name="verifyUserLoginUsingInvalidCredentials" time="0.0">
    <ignored/>
  </testcase> <!-- verifyUserLoginUsingInvalidCredentials -->
  <testcase classname="testscripts.LoginTest" name="verifyUserLoginUsingInvalidUserNameCredentials" time="0.0">
    <ignored/>
  </testcase> <!-- verifyUserLoginUsingInvalidUserNameCredentials -->
</testsuite> <!-- Test1 -->
