<?xml version="1.0" encoding="UTF-8"?>
<!-- Generated by org.testng.reporters.JUnitReportReporter -->
<testsuite hostname="Praseena-Think" failures="0" tests="2" name="testscripts.ManageNewsTest" time="115.491" errors="0" timestamp="2026-06-03T22:22:55 EDT" skipped="0">
  <testcase classname="testscripts.ManageNewsTest" name="verifyUserCanAddNews" time="56.850"/>
  <testcase classname="testscripts.ManageNewsTest" name="verifyUserCanSearchNews" time="58.641"/>
</testsuite> <!-- testscripts.ManageNewsTest -->
