<?xml version="1.0" encoding="UTF-8"?>
<!-- Generated by org.testng.reporters.JUnitReportReporter -->
<testsuite hostname="Praseena-Think" failures="0" tests="3" name="testscripts.HomeTest" time="104.451" errors="0" timestamp="2026-06-03T22:10:40 EDT" skipped="0">
  <testcase classname="testscripts.HomeTest" name="verifyUserLoginUsingValidCredentials" time="27.970"/>
  <testcase classname="testscripts.HomeTest" name="verifyUserCanAddNewAdminUser" time="36.855"/>
  <testcase classname="testscripts.HomeTest" name="verifyUserCanLogOutSuccessfully" time="39.626"/>
</testsuite> <!-- testscripts.HomeTest -->
