<?xml version="1.0" encoding="UTF-8"?>
<!-- Generated by org.testng.reporters.JUnitReportReporter -->
<testsuite hostname="Praseena-Think" failures="0" tests="2" name="testscripts.AdminUserTest" time="88.801" errors="0" timestamp="2026-06-03T22:17:22 EDT" skipped="0">
  <testcase classname="testscripts.AdminUserTest" name="verifyUserCanSearchMembers" time="32.025"/>
  <testcase classname="testscripts.AdminUserTest" name="verifyUserCanAddNewAdminUser" time="56.776"/>
</testsuite> <!-- testscripts.AdminUserTest -->
