<?xml version="1.0" encoding="UTF-8"?>
<!-- Generated by org.testng.reporters.JUnitReportReporter -->
<testsuite hostname="Praseena-Think" failures="0" tests="4" name="testscripts.LoginTestScripts" time="22.335" errors="0" timestamp="2026-05-24T20:52:44 EDT" skipped="0">
  <testcase classname="testscripts.LoginTestScripts" name="verifyUserLoginUsingInvalidUserNameCredentials" time="4.959"/>
  <testcase classname="testscripts.LoginTestScripts" name="verifyUserLoginUsingValidCredentials" time="5.924"/>
  <testcase classname="testscripts.LoginTestScripts" name="verifyUserLoginUsingInvalidPasswordCredentials" time="5.032"/>
  <testcase classname="testscripts.LoginTestScripts" name="verifyUserLoginUsingInvalidCredentials" time="6.420"/>
</testsuite> <!-- testscripts.LoginTestScripts -->
