<?xml version="1.0" encoding="UTF-8"?>
<testng-results ignored="0" total="1" passed="1" failed="0" skipped="0">
  <reporter-output>
  </reporter-output>
  <suite started-at="2026-06-10T22:09:01 EDT" name="Suite" finished-at="2026-06-10T22:09:15 EDT" duration-ms="14374">
    <groups>
      <group name="smoke">
        <method signature="LoginTest.verifyUserLoginUsingValidCredentials()[pri:1, instance:testscripts.LoginTest@1e16c0aa]" name="verifyUserLoginUsingValidCredentials" class="testscripts.LoginTest"/>
      </group> <!-- smoke -->
    </groups>
    <test started-at="2026-06-10T22:09:01 EDT" name="Test" finished-at="2026-06-10T22:09:15 EDT" duration-ms="14374">
      <class name="testscripts.LoginTest">
        <test-method is-config="true" signature="initializeBrowser(java.lang.String)[pri:0, instance:testscripts.LoginTest@1e16c0aa]" started-at="2026-06-10T22:09:01 EDT" name="initializeBrowser" finished-at="2026-06-10T22:09:11 EDT" duration-ms="9949" status="PASS">
          <params>
            <param index="0">
              <value>
                <![CDATA[chrome]]>
              </value>
            </param>
          </params>
          <reporter-output>
          </reporter-output>
        </test-method> <!-- initializeBrowser -->
        <test-method signature="verifyUserLoginUsingValidCredentials()[pri:1, instance:testscripts.LoginTest@1e16c0aa]" started-at="2026-06-10T22:09:11 EDT" name="verifyUserLoginUsingValidCredentials" description="User is trying to login using valid credentials" finished-at="2026-06-10T22:09:15 EDT" duration-ms="4303" status="PASS">
          <reporter-output>
          </reporter-output>
        </test-method> <!-- verifyUserLoginUsingValidCredentials -->
        <test-method is-config="true" signature="closeBrowser(org.testng.ITestResult)[pri:0, instance:testscripts.LoginTest@1e16c0aa]" started-at="2026-06-10T22:09:15 EDT" name="closeBrowser" finished-at="2026-06-10T22:09:15 EDT" duration-ms="3" status="PASS">
          <params>
            <param index="0">
              <value>
                <![CDATA[[TestResult name=verifyUserLoginUsingValidCredentials status=SUCCESS method=LoginTest.verifyUserLoginUsingValidCredentials()[pri:1, instance:testscripts.LoginTest@1e16c0aa] output={null}]]]>
              </value>
            </param>
          </params>
          <reporter-output>
          </reporter-output>
        </test-method> <!-- closeBrowser -->
      </class> <!-- testscripts.LoginTest -->
    </test> <!-- Test -->
  </suite> <!-- Suite -->
</testng-results>
