<?xml version="1.0" encoding="UTF-8"?>
<!-- Generated by org.testng.reporters.JUnitXMLReporter -->
<testsuite ignored="1" hostname="Praseena-Think" failures="0" tests="1" name="Default test" time="15.787" errors="0" timestamp="2026-06-03T17:24:57 EDT">
  <testcase classname="testscripts.ManageNewsTest" name="verifyUserCanSearchNews" time="8.372"/>
  <testcase classname="testscripts.ManageNewsTest" name="verifyUserCanAddNews" time="0.0">
    <ignored/>
  </testcase> <!-- verifyUserCanAddNews -->
</testsuite> <!-- Default test -->
