<?xml version="1.0" encoding="UTF-8"?>
<!-- Generated by org.testng.reporters.JUnitXMLReporter -->
<testsuite ignored="3" hostname="Praseena-Think" failures="0" tests="1" name="Test" time="17.169" errors="0" timestamp="2026-06-11T22:04:57 EDT">
  <testcase classname="testscripts.LoginTest" name="verifyUserLoginUsingValidCredentials" time="5.487"/>
  <testcase classname="testscripts.LoginTest" name="verifyUserLoginUsingInvalidUserNameCredentials" time="0.0">
    <ignored/>
  </testcase> <!-- verifyUserLoginUsingInvalidUserNameCredentials -->
  <testcase classname="testscripts.LoginTest" name="verifyUserLoginUsingInvalidCredentials" time="0.0">
    <ignored/>
  </testcase> <!-- verifyUserLoginUsingInvalidCredentials -->
  <testcase classname="testscripts.LoginTest" name="verifyUserLoginUsingInvalidPasswordCredentials" time="0.0">
    <ignored/>
  </testcase> <!-- verifyUserLoginUsingInvalidPasswordCredentials -->
</testsuite> <!-- Test -->
